time=2024-07-14T12:35:17.634+05:00 level=ERROR msg="email is not registered: sql: no rows in result set"
time=2024-07-14T14:44:42.151+05:00 level=ERROR msg="error getting email from database sql: no rows in result set"
time=2024-07-14T14:44:58.260+05:00 level=ERROR msg="error getting email from database sql: no rows in result set"
time=2024-07-14T14:45:00.391+05:00 level=ERROR msg="error getting email from database sql: no rows in result set"
time=2024-07-14T14:45:00.866+05:00 level=ERROR msg="error getting email from database sql: no rows in result set"
time=2024-07-14T14:45:01.305+05:00 level=ERROR msg="error getting email from database sql: no rows in result set"
time=2024-07-14T14:45:01.516+05:00 level=ERROR msg="error getting email from database sql: no rows in result set"
time=2024-07-14T14:45:44.803+05:00 level=ERROR msg="Password is incorrect crypto/bcrypt: hashedSecret too short to be a bcrypted password"
time=2024-07-14T14:46:31.232+05:00 level=ERROR msg="Error with register User: pq: duplicate key value violates unique constraint \"users_email_key\""
time=2024-07-14T18:20:56.528+05:00 level=ERROR msg="Error with generate access token: failed to parse token: Token is expired"
time=2024-07-14T18:21:17.186+05:00 level=ERROR msg="Invalid refresh token: sql: no rows in result set"
time=2024-07-14T18:21:24.822+05:00 level=ERROR msg="Invalid refresh token: sql: no rows in result set"
time=2024-07-14T18:21:36.541+05:00 level=ERROR msg="Error with generate access token: failed to parse token: Token is expired"
time=2024-07-14T18:27:26.615+05:00 level=ERROR msg="Error with generate access token: failed to parse token: signature is invalid"
time=2024-07-14T18:27:52.789+05:00 level=ERROR msg="Error with generate access token: failed to parse token: Token is expired"
time=2024-07-14T18:32:24.364+05:00 level=ERROR msg="error getting email from database sql: no rows in result set"
time=2024-07-14T18:33:03.797+05:00 level=ERROR msg="Error with register User: pq: duplicate key value violates unique constraint \"users_username_key\""
time=2024-07-15T06:27:28.947+05:00 level=ERROR msg="invalid email: mail: missing '@' or angle-addr"
time=2024-07-15T06:39:17.266+05:00 level=ERROR msg="Password is incorrect crypto/bcrypt: hashedPassword is not the hash of the given password"
time=2024-07-15T06:39:32.618+05:00 level=ERROR msg="Password is incorrect crypto/bcrypt: hashedPassword is not the hash of the given password"
time=2024-07-15T06:39:33.246+05:00 level=ERROR msg="Password is incorrect crypto/bcrypt: hashedPassword is not the hash of the given password"
time=2024-07-15T06:41:05.226+05:00 level=ERROR msg="Password is incorrect crypto/bcrypt: hashedPassword is not the hash of the given password"
time=2024-07-15T07:13:22.837+05:00 level=ERROR msg="error with Getting user profile from db: pq: invalid input syntax for type uuid: \"efrgthgfd\""
time=2024-07-15T07:33:42.070+05:00 level=ERROR msg="error with Validating User from db: sql: no rows in result set"
time=2024-07-15T08:51:17.041+05:00 level=ERROR msg="error with Getting user profile from db: pq: got 4 parameters but the statement requires 5"
time=2024-07-15T09:27:40.224+05:00 level=ERROR msg="error with Getting users from db: pq: syntax error at or near \"users\""
time=2024-07-15T09:28:28.616+05:00 level=ERROR msg="error with Getting users from db: pq: syntax error at or near \"users\""
time=2024-07-15T10:16:38.132+05:00 level=ERROR msg="error with Getting users from db: pq: syntax error at or near \"users\""
time=2024-07-15T10:19:02.799+05:00 level=ERROR msg="error with Getting users from db: pq: syntax error at or near \"users\""
time=2024-07-15T10:20:51.434+05:00 level=ERROR msg="error with Getting users from db: pq: update or delete on table \"users\" violates foreign key constraint \"refresh_tokens_user_id_fkey\" on table \"refresh_tokens\""
time=2024-07-15T10:21:01.685+05:00 level=ERROR msg="error with Getting users from db: pq: update or delete on table \"users\" violates foreign key constraint \"refresh_tokens_user_id_fkey\" on table \"refresh_tokens\""
time=2024-07-15T13:25:43.596+05:00 level=ERROR msg="error with following a user from db: pq: INSERT has more expressions than target columns"
time=2024-07-15T13:28:02.247+05:00 level=ERROR msg="error with following a user from db: pq: duplicate key value violates unique constraint \"following_pkey\""
time=2024-07-15T14:10:11.198+05:00 level=ERROR msg="error with following a user from db: pq: duplicate key value violates unique constraint \"following_pkey\""
time=2024-07-15T14:16:14.095+05:00 level=ERROR msg="error with follower and folloving id are the same"
time=2024-07-15T14:18:28.020+05:00 level=ERROR msg="error with getting a user's followers from db: pq: syntax error at or near \"=\""
time=2024-07-15T15:04:39.889+05:00 level=ERROR msg="error with getting a user's followers from db: sql: no rows in result set"
time=2024-07-15T15:05:00.159+05:00 level=ERROR msg="error with getting a user's followers from db: sql: no rows in result set"
time=2024-07-15T15:05:19.920+05:00 level=ERROR msg="error with getting a user's followers from db: sql: no rows in result set"
time=2024-07-15T15:06:26.211+05:00 level=ERROR msg="error with getting a user's followers from db: sql: no rows in result set"
time=2024-07-15T15:06:58.562+05:00 level=ERROR msg="error with getting a user's followers from db: sql: no rows in result set"
time=2024-07-15T15:07:35.517+05:00 level=ERROR msg="error with getting a user's followers from db: sql: no rows in result set"
time=2024-07-15T15:08:39.093+05:00 level=ERROR msg="error with getting a user's followers from db: sql: no rows in result set"
time=2024-07-15T15:09:34.210+05:00 level=ERROR msg="error with getting a user's followers from db: sql: no rows in result set"
time=2024-07-15T15:09:59.857+05:00 level=ERROR msg="error with getting a user's followers from db: sql: no rows in result set"
time=2024-07-15T15:10:45.551+05:00 level=ERROR msg="error with getting a user's followers from db: sql: no rows in result set"
time=2024-07-15T15:15:35.636+05:00 level=ERROR msg="error with getting a user's followers from db: sql: no rows in result set"
time=2024-07-15T15:15:36.509+05:00 level=ERROR msg="error with getting a user's followers from db: sql: no rows in result set"
time=2024-07-15T15:15:36.678+05:00 level=ERROR msg="error with getting a user's followers from db: sql: no rows in result set"
time=2024-07-15T15:15:36.832+05:00 level=ERROR msg="error with getting a user's followers from db: sql: no rows in result set"
time=2024-07-15T15:15:36.978+05:00 level=ERROR msg="error with getting a user's followers from db: sql: no rows in result set"
time=2024-07-15T15:15:37.179+05:00 level=ERROR msg="error with getting a user's followers from db: sql: no rows in result set"
time=2024-07-15T15:15:37.344+05:00 level=ERROR msg="error with getting a user's followers from db: sql: no rows in result set"
time=2024-07-15T15:15:37.621+05:00 level=ERROR msg="error with getting a user's followers from db: sql: no rows in result set"
time=2024-07-15T15:16:17.066+05:00 level=ERROR msg="error with getting a user's followers from db: sql: no rows in result set"
time=2024-07-15T15:17:08.163+05:00 level=ERROR msg="error with getting a user's followers from db: sql: no rows in result set"
time=2024-07-16T14:08:55.040+05:00 level=ERROR msg="error with getting a author info from db: sql: no rows in result set"
time=2024-07-16T14:09:54.450+05:00 level=ERROR msg="error with getting a author info from db: sql: no rows in result set"
time=2024-07-16T14:09:57.684+05:00 level=ERROR msg="error with getting a author info from db: sql: no rows in result set"
time=2024-07-16T14:09:58.113+05:00 level=ERROR msg="error with getting a author info from db: sql: no rows in result set"
time=2024-07-16T14:09:58.308+05:00 level=ERROR msg="error with getting a author info from db: sql: no rows in result set"
time=2024-07-16T14:09:58.562+05:00 level=ERROR msg="error with getting a author info from db: sql: no rows in result set"
time=2024-07-16T14:10:39.821+05:00 level=ERROR msg="error with getting a author info from db: sql: no rows in result set"
time=2024-07-16T16:54:16.569+05:00 level=ERROR msg="error with getting a author info from db: sql: no rows in result set"
time=2024-07-16T16:55:05.269+05:00 level=ERROR msg="error with getting a author info from db: sql: no rows in result set"
time=2024-07-16T16:55:23.388+05:00 level=ERROR msg="error with getting a author info from db: sql: no rows in result set"
time=2024-07-16T16:56:30.230+05:00 level=ERROR msg="error with getting a author info from db: sql: no rows in result set"
time=2024-07-16T16:56:48.209+05:00 level=ERROR msg="error with getting a author info from db: sql: no rows in result set"
time=2024-07-16T16:58:57.968+05:00 level=ERROR msg="error with getting a author info from db: sql: no rows in result set"
time=2024-07-16T16:59:01.184+05:00 level=ERROR msg="error with getting a author info from db: sql: no rows in result set"
time=2024-07-16T16:59:28.712+05:00 level=ERROR msg="error with getting a author info from db: sql: no rows in result set"
time=2024-07-16T16:59:33.233+05:00 level=ERROR msg="error with getting a author info from db: sql: no rows in result set"
time=2024-07-16T16:59:56.710+05:00 level=ERROR msg="error with getting a author info from db: sql: no rows in result set"
time=2024-07-16T17:00:11.898+05:00 level=ERROR msg="error with getting a author info from db: sql: no rows in result set"
time=2024-07-16T17:00:15.115+05:00 level=ERROR msg="error with getting a author info from db: sql: no rows in result set"
time=2024-07-16T17:01:01.922+05:00 level=ERROR msg="error with getting a author info from db: sql: no rows in result set"
time=2024-07-16T17:01:40.152+05:00 level=ERROR msg="error with getting a author info from db: sql: no rows in result set"
time=2024-07-16T17:01:46.344+05:00 level=ERROR msg="error with getting a author info from db: sql: no rows in result set"
time=2024-07-16T17:02:13.981+05:00 level=ERROR msg="error with getting a author info from db: sql: no rows in result set"
time=2024-07-16T17:03:42.174+05:00 level=ERROR msg="error with getting a author info from db: sql: no rows in result set"
time=2024-07-16T17:03:42.175+05:00 level=ERROR msg="error with getting a author info from db: sql: no rows in result set"
time=2024-07-16T17:04:11.491+05:00 level=ERROR msg="error with getting a author info from db: sql: no rows in result set"
time=2024-07-16T17:04:11.492+05:00 level=ERROR msg="error with getting a author info from db: sql: no rows in result set"
time=2024-07-17T13:37:44.864+05:00 level=ERROR msg="Invalid refresh token: sql: no rows in result set"
time=2024-07-17T19:14:52.619+05:00 level=ERROR msg="error with getting a author info from db: sql: no rows in result set"
time=2024-07-17T19:14:52.625+05:00 level=ERROR msg="error with getting a author info from db: sql: no rows in result set"
